index.html
news.html
people.html
papers.html
projects.html
visiting.html
papers/runtimeassisted-pldi22.html
papers/antipotentials-pldi22.html
papers/brbo-sas21.html
papers/bmdp-cav21.html
papers/dai-pldi21.html
papers/shapeanalysis-fnt20.html
papers/reachability-cav20.html
papers/unboundedtime-cav20.html
papers/pirk-cav20.html
papers/amytiss-cav20.html
papers/tajsvr-oopsla19.html
papers/nn-rv19.html
papers/uav-rv19.html
papers/robustness-rv19.html
papers/repstore-icfp19.html
papers/sidechannels-cav19.html
papers/verivita-ecoop19.html
papers/bounding-vmcai19.html
papers/streams-ase18.html
papers/robustmpc-cmsb18.html
papers/almostsure-hscc18.html
papers/data-driven-models-iccps18.html
papers/biggroum-saner18.html
papers/droidstar-icse18.html
papers/dpdebugger-aaai18.html
papers/chimpcheck-onward17.html
papers/compositional-emsoft17.html
papers/clf-learning-rss17.html
papers/discriminator-tacas17.html
papers/clumping-popl17.html
papers/hazelnut-popl17.html
papers/vmf-gpce16.html
papers/switched-systems-emsoft16.html
papers/sdp-sas16.html
papers/clausal-cav16.html
papers/implicit-cav16.html
papers/events-pldi16.html
papers/symbolic-numeric-reach-hscc16.html
papers/affine-forms-conc-measure-tacas16.html
papers/stochastic-persistence-tacas16.html
papers/setr-lpar15.html
papers/controlfeasibility-oopsla15.html
papers/adaptonwithnames-oopsla15.html
papers/sharing-sas15.html
papers/synunification-cav15.html
papers/scheduling-cav15.html
papers/droidel-soap15.html
papers/performance-array15.html
papers/netsynth-pldi15.html
papers/desynchronized-esop15.html
papers/wcet-esop15.html
papers/soundiness-cacm15.html
papers/controller-emsoft14.html
papers/shooting-emsoft14.html
papers/absdom-isola14.html
papers/expectation-sas14.html
papers/hoo-sas14.html
papers/sepdom-sas14.html
papers/quicr-cav14.html
papers/vmv-pldi14.html
papers/outlier-chi-ea14.html
papers/fissile-popl14.html
papers/acceleration-popl14.html
papers/refutation-vmcai14.html
papers/shapenumeric-sairp13.html
papers/concursyn-cav13.html
papers/martingales-cav13.html
papers/flowstar-cav13.html
papers/quicgraphs-ecoop13.html
papers/automata-lics13.html
papers/thresher-pldi13.html
papers/acspec-pldi13.html
papers/probabilistic-pldi13.html
papers/ui-icse-nier13.html
papers/filters-sttt13.html
papers/quantitative-popl13.html
papers/reducedproduct-vmcai13.html
papers/reflective-sas12.html
papers/enforcements-issta12.html
papers/sl-cav12.html
papers/timed-relational-cav12.html
papers/iictl-cav12.html
papers/filters-tacas12.html
papers/fair-fmcad11.html
papers/ptaprecision-sas11.html
papers/relationalization-cav11.html
papers/linearization-hscc11.html
papers/staliro-tool-paper.html
papers/template-esop11.html
papers/blame-popl11.html
papers/stack-popl11.html
papers/accessnets-vmcai11.html
papers/mix-pldi10.html
papers/profilers-pldi10.html
papers/threesomes-popl10.html
papers/incremental-gpce10.html
papers/invalidation-cgo10.html
papers/ssg-esop10.html
papers/gradprog-pldifit09.html
papers/bto-sc09.html
